<?xml version="1.0" encoding="UTF-8"?>
<!-- Generated by org.testng.reporters.JUnitReportReporter -->
<testsuite skipped="0" hostname="Administrator" name="com.abc.testCases.TC_Login_01" tests="1" failures="0" timestamp="2020-02-11T13:52:38 GMT+07:00" time="14.837" errors="0">
  <testcase name="TCLogin01" time="14.837" classname="com.abc.testCases.TC_Login_01"/>
</testsuite> <!-- com.abc.testCases.TC_Login_01 -->
